2025-08-04 21:52:33,102 [Worker-4: Loading available Gradle versions] INFO  o.e.b.c.i.u.g.PublishedGradleVersions - Gradle version information cache is up-to-date. Trying to read.
2025-08-05 21:38:24,474 [Worker-2: Loading available Gradle versions] INFO  o.e.b.c.i.u.g.PublishedGradleVersions - Gradle version information cache is out-of-date. Trying to update.
2025-08-06 13:06:35,437 [Worker-2: Loading available Gradle versions] INFO  o.e.b.c.i.u.g.PublishedGradleVersions - Gradle version information cache is up-to-date. Trying to read.
2025-08-06 21:38:28,180 [Worker-1: Loading available Gradle versions] INFO  o.e.b.c.i.u.g.PublishedGradleVersions - Gradle version information cache is out-of-date. Trying to update.
2025-08-07 19:22:06,469 [Worker-1: Loading available Gradle versions] INFO  o.e.b.c.i.u.g.PublishedGradleVersions - Gradle version information cache is up-to-date. Trying to read.
2025-08-08 06:10:32,421 [Worker-4: Loading available Gradle versions] INFO  o.e.b.c.i.u.g.PublishedGradleVersions - Gradle version information cache is out-of-date. Trying to update.
2025-08-11 19:55:23,109 [Worker-4: Loading available Gradle versions] INFO  o.e.b.c.i.u.g.PublishedGradleVersions - Gradle version information cache is up-to-date. Trying to read.
2025-08-12 05:57:37,126 [Worker-3: Loading available Gradle versions] INFO  o.e.b.c.i.u.g.PublishedGradleVersions - Gradle version information cache is up-to-date. Trying to read.
2025-08-13 06:02:21,841 [Worker-0: Loading available Gradle versions] INFO  o.e.b.c.i.u.g.PublishedGradleVersions - Gradle version information cache is up-to-date. Trying to read.
2025-08-13 20:58:32,906 [Worker-3: Loading available Gradle versions] INFO  o.e.b.c.i.u.g.PublishedGradleVersions - Gradle version information cache is up-to-date. Trying to read.
2025-08-13 20:59:56,615 [Worker-16: Creating maven-archetype-quickstart] INFO  o.e.m.c.i.p.ProjectConfigurationManager - Collecting project info '/pom.xml' S:\JANBASK\Selenium Batch - 01st Aug 2025\SamplMvn\pom.xml
2025-08-13 20:59:58,102 [Worker-16: Creating maven-archetype-quickstart] INFO  o.e.m.c.i.l.LifecycleMappingFactory - Using org.eclipse.m2e.jdt.JarLifecycleMapping lifecycle mapping for MavenProject: SamplMvn:SamplMvn:0.0.1-SNAPSHOT @ S:\JANBASK\Selenium Batch - 01st Aug 2025\SamplMvn\pom.xml.
2025-08-13 20:59:58,756 [Worker-16: Creating maven-archetype-quickstart] INFO  o.e.m.j.i.AbstractJavaProjectConfigurator - Adding source folder /SamplMvn/src/main/java
2025-08-13 20:59:58,770 [Worker-16: Creating maven-archetype-quickstart] INFO  o.e.m.j.i.AbstractJavaProjectConfigurator - Adding source folder /SamplMvn/src/test/java
2025-08-13 20:59:59,259 [Worker-16: Creating maven-archetype-quickstart] INFO  o.e.m.c.i.p.ProjectConfigurationManager - Imported and configured 1 project(s) in 2 sec
2025-08-13 21:00:00,423 [Worker-17: Building] INFO  o.a.m.s.f.DefaultMavenResourcesFiltering - skip non existing resourceDirectory S:\JANBASK\Selenium Batch - 01st Aug 2025\SamplMvn\src\main\resources
2025-08-13 21:00:00,432 [Worker-17: Building] INFO  o.a.m.s.f.DefaultMavenResourcesFiltering - skip non existing resourceDirectory S:\JANBASK\Selenium Batch - 01st Aug 2025\SamplMvn\src\test\resources
2025-08-13 21:03:19,145 [Worker-7: Building] INFO  o.e.m.c.i.l.LifecycleMappingFactory - Using org.eclipse.m2e.jdt.JarLifecycleMapping lifecycle mapping for MavenProject: SampleMvn:SampleMvn:0.0.1-SNAPSHOT @ S:\JANBASK\Selenium Batch - 01st Aug 2025\SamplMvn\pom.xml.
2025-08-13 21:03:20,247 [Worker-7: Building] INFO  o.a.m.s.f.DefaultMavenResourcesFiltering - skip non existing resourceDirectory S:\JANBASK\Selenium Batch - 01st Aug 2025\SamplMvn\src\main\resources
2025-08-13 21:03:20,253 [Worker-7: Building] INFO  o.a.m.s.f.DefaultMavenResourcesFiltering - skip non existing resourceDirectory S:\JANBASK\Selenium Batch - 01st Aug 2025\SamplMvn\src\test\resources
2025-08-13 21:03:22,480 [Worker-21: Building] INFO  o.a.m.s.f.DefaultMavenResourcesFiltering - skip non existing resourceDirectory S:\JANBASK\Selenium Batch - 01st Aug 2025\SamplMvn\src\main\resources
2025-08-13 21:03:22,483 [Worker-21: Building] INFO  o.a.m.s.f.DefaultMavenResourcesFiltering - skip non existing resourceDirectory S:\JANBASK\Selenium Batch - 01st Aug 2025\SamplMvn\src\test\resources
2025-08-13 21:03:30,852 [Worker-21: Building] INFO  o.a.m.s.f.DefaultMavenResourcesFiltering - skip non existing resourceDirectory S:\JANBASK\Selenium Batch - 01st Aug 2025\SamplMvn\src\main\resources
2025-08-13 21:03:30,857 [Worker-21: Building] INFO  o.a.m.s.f.DefaultMavenResourcesFiltering - skip non existing resourceDirectory S:\JANBASK\Selenium Batch - 01st Aug 2025\SamplMvn\src\test\resources
2025-08-13 21:04:13,445 [Worker-22: Building] INFO  o.a.m.s.f.DefaultMavenResourcesFiltering - skip non existing resourceDirectory S:\JANBASK\Selenium Batch - 01st Aug 2025\SamplMvn\src\main\resources
2025-08-13 21:04:13,449 [Worker-22: Building] INFO  o.a.m.s.f.DefaultMavenResourcesFiltering - skip non existing resourceDirectory S:\JANBASK\Selenium Batch - 01st Aug 2025\SamplMvn\src\test\resources
2025-08-13 21:04:16,886 [Worker-7: Building] INFO  o.a.m.s.f.DefaultMavenResourcesFiltering - skip non existing resourceDirectory S:\JANBASK\Selenium Batch - 01st Aug 2025\SamplMvn\src\main\resources
2025-08-13 21:04:16,889 [Worker-7: Building] INFO  o.a.m.s.f.DefaultMavenResourcesFiltering - skip non existing resourceDirectory S:\JANBASK\Selenium Batch - 01st Aug 2025\SamplMvn\src\test\resources
2025-08-13 21:06:37,960 [Worker-7: Building] INFO  o.a.m.s.f.DefaultMavenResourcesFiltering - skip non existing resourceDirectory S:\JANBASK\Selenium Batch - 01st Aug 2025\SamplMvn\src\main\resources
2025-08-13 21:06:37,966 [Worker-7: Building] INFO  o.a.m.s.f.DefaultMavenResourcesFiltering - skip non existing resourceDirectory S:\JANBASK\Selenium Batch - 01st Aug 2025\SamplMvn\src\test\resources
2025-08-13 21:06:46,609 [Worker-22: Launching Executing test in S__JANBASK_Selenium Batch - 01st Aug 2025_SamplMvn] INFO  o.e.m.i.launch.MavenLaunchDelegate - S:\JANBASK\Selenium Batch - 01st Aug 2025\SamplMvn
2025-08-13 21:06:46,617 [Worker-22: Launching Executing test in S__JANBASK_Selenium Batch - 01st Aug 2025_SamplMvn] INFO  o.e.m.i.launch.MavenLaunchDelegate -  mvn -B test
2025-08-13 21:08:45,552 [Worker-21: Building] INFO  o.a.m.s.f.DefaultMavenResourcesFiltering - skip non existing resourceDirectory S:\JANBASK\Selenium Batch - 01st Aug 2025\SamplMvn\src\main\resources
2025-08-13 21:08:45,557 [Worker-21: Building] INFO  o.a.m.s.f.DefaultMavenResourcesFiltering - skip non existing resourceDirectory S:\JANBASK\Selenium Batch - 01st Aug 2025\SamplMvn\src\test\resources
2025-08-13 21:08:46,589 [Worker-23: Building] INFO  o.a.m.s.f.DefaultMavenResourcesFiltering - skip non existing resourceDirectory S:\JANBASK\Selenium Batch - 01st Aug 2025\SamplMvn\src\main\resources
2025-08-13 21:08:46,594 [Worker-23: Building] INFO  o.a.m.s.f.DefaultMavenResourcesFiltering - skip non existing resourceDirectory S:\JANBASK\Selenium Batch - 01st Aug 2025\SamplMvn\src\test\resources
2025-08-13 21:08:51,757 [Worker-20: Launching Executing test in S__JANBASK_Selenium Batch - 01st Aug 2025_SamplMvn] INFO  o.e.m.i.launch.MavenLaunchDelegate - S:\JANBASK\Selenium Batch - 01st Aug 2025\SamplMvn
2025-08-13 21:08:51,758 [Worker-20: Launching Executing test in S__JANBASK_Selenium Batch - 01st Aug 2025_SamplMvn] INFO  o.e.m.i.launch.MavenLaunchDelegate -  mvn -B test
2025-08-13 21:10:23,928 [Worker-22: Launching Executing test in S__JANBASK_Selenium Batch - 01st Aug 2025_SamplMvn] INFO  o.e.m.i.launch.MavenLaunchDelegate - S:\JANBASK\Selenium Batch - 01st Aug 2025\SamplMvn
2025-08-13 21:10:23,929 [Worker-22: Launching Executing test in S__JANBASK_Selenium Batch - 01st Aug 2025_SamplMvn] INFO  o.e.m.i.launch.MavenLaunchDelegate -  mvn -B test
2025-08-13 21:10:53,338 [Worker-22: Building] INFO  o.a.m.s.f.DefaultMavenResourcesFiltering - skip non existing resourceDirectory S:\JANBASK\Selenium Batch - 01st Aug 2025\SamplMvn\src\main\resources
2025-08-13 21:10:53,345 [Worker-22: Building] INFO  o.a.m.s.f.DefaultMavenResourcesFiltering - skip non existing resourceDirectory S:\JANBASK\Selenium Batch - 01st Aug 2025\SamplMvn\src\test\resources
2025-08-13 21:11:02,824 [Worker-20: Launching Executing test in S__JANBASK_Selenium Batch - 01st Aug 2025_SamplMvn] INFO  o.e.m.i.launch.MavenLaunchDelegate - S:\JANBASK\Selenium Batch - 01st Aug 2025\SamplMvn
2025-08-13 21:11:02,825 [Worker-20: Launching Executing test in S__JANBASK_Selenium Batch - 01st Aug 2025_SamplMvn] INFO  o.e.m.i.launch.MavenLaunchDelegate -  mvn -B test
2025-08-13 21:13:23,623 [Worker-23: Building] INFO  o.e.m.c.i.l.LifecycleMappingFactory - Using org.eclipse.m2e.jdt.JarLifecycleMapping lifecycle mapping for MavenProject: SampleMvn:SampleMvn:0.0.1-SNAPSHOT @ S:\JANBASK\Selenium Batch - 01st Aug 2025\SamplMvn\pom.xml.
2025-08-13 21:13:24,776 [Worker-23: Building] INFO  o.e.m.c.i.embedder.EclipseLogger - Using 'UTF-8' encoding to copy filtered resources.
2025-08-13 21:13:24,777 [Worker-23: Building] INFO  o.e.m.c.i.embedder.EclipseLogger - skip non existing resourceDirectory S:\JANBASK\Selenium Batch - 01st Aug 2025\SamplMvn\src\main\resources
2025-08-13 21:13:24,780 [Worker-23: Building] INFO  o.e.m.c.i.embedder.EclipseLogger - Using 'UTF-8' encoding to copy filtered resources.
2025-08-13 21:13:24,781 [Worker-23: Building] INFO  o.e.m.c.i.embedder.EclipseLogger - skip non existing resourceDirectory S:\JANBASK\Selenium Batch - 01st Aug 2025\SamplMvn\src\test\resources
2025-08-13 21:13:26,796 [Worker-23: Building] INFO  o.e.m.c.i.embedder.EclipseLogger - Using 'UTF-8' encoding to copy filtered resources.
2025-08-13 21:13:26,796 [Worker-23: Building] INFO  o.e.m.c.i.embedder.EclipseLogger - skip non existing resourceDirectory S:\JANBASK\Selenium Batch - 01st Aug 2025\SamplMvn\src\main\resources
2025-08-13 21:13:26,799 [Worker-23: Building] INFO  o.e.m.c.i.embedder.EclipseLogger - Using 'UTF-8' encoding to copy filtered resources.
2025-08-13 21:13:26,799 [Worker-23: Building] INFO  o.e.m.c.i.embedder.EclipseLogger - skip non existing resourceDirectory S:\JANBASK\Selenium Batch - 01st Aug 2025\SamplMvn\src\test\resources
2025-08-13 21:13:31,083 [Worker-20: Launching Executing test in S__JANBASK_Selenium Batch - 01st Aug 2025_SamplMvn] INFO  o.e.m.i.launch.MavenLaunchDelegate - S:\JANBASK\Selenium Batch - 01st Aug 2025\SamplMvn
2025-08-13 21:13:31,084 [Worker-20: Launching Executing test in S__JANBASK_Selenium Batch - 01st Aug 2025_SamplMvn] INFO  o.e.m.i.launch.MavenLaunchDelegate -  mvn -B test
2025-08-13 21:14:05,504 [Worker-25: Updating Maven Project] INFO  o.e.m.c.i.p.ProjectConfigurationManager - Update started
2025-08-13 21:14:05,864 [Worker-25: Updating Maven Project] INFO  o.e.m.c.i.l.LifecycleMappingFactory - Using org.eclipse.m2e.jdt.JarLifecycleMapping lifecycle mapping for MavenProject: SampleMvn:SampleMvn:0.0.1-SNAPSHOT @ S:\JANBASK\Selenium Batch - 01st Aug 2025\SamplMvn\pom.xml.
2025-08-13 21:14:06,683 [Worker-25: Updating Maven Project] INFO  o.e.m.j.i.AbstractJavaProjectConfigurator - Adding source folder /SamplMvn/src/main/java
2025-08-13 21:14:06,686 [Worker-25: Updating Maven Project] INFO  o.e.m.j.i.AbstractJavaProjectConfigurator - Adding source folder /SamplMvn/src/test/java
2025-08-13 21:14:07,057 [Worker-25: Updating Maven Project] INFO  o.e.m.c.i.p.ProjectConfigurationManager - Update completed: 1 sec
2025-08-13 21:14:07,733 [Worker-23: Building] INFO  o.e.m.c.i.embedder.EclipseLogger - Using 'UTF-8' encoding to copy filtered resources.
2025-08-13 21:14:07,734 [Worker-23: Building] INFO  o.e.m.c.i.embedder.EclipseLogger - skip non existing resourceDirectory S:\JANBASK\Selenium Batch - 01st Aug 2025\SamplMvn\src\main\resources
2025-08-13 21:14:07,738 [Worker-23: Building] INFO  o.e.m.c.i.embedder.EclipseLogger - Using 'UTF-8' encoding to copy filtered resources.
2025-08-13 21:14:07,739 [Worker-23: Building] INFO  o.e.m.c.i.embedder.EclipseLogger - skip non existing resourceDirectory S:\JANBASK\Selenium Batch - 01st Aug 2025\SamplMvn\src\test\resources
2025-08-13 21:14:18,976 [Worker-20: Launching Executing test in S__JANBASK_Selenium Batch - 01st Aug 2025_SamplMvn] INFO  o.e.m.i.launch.MavenLaunchDelegate - S:\JANBASK\Selenium Batch - 01st Aug 2025\SamplMvn
2025-08-13 21:14:18,977 [Worker-20: Launching Executing test in S__JANBASK_Selenium Batch - 01st Aug 2025_SamplMvn] INFO  o.e.m.i.launch.MavenLaunchDelegate -  mvn -B test
2025-08-13 21:17:05,235 [Worker-28: Launching SamplMvn_testng.xml] INFO  o.e.m.c.i.embedder.EclipseLogger - Using 'UTF-8' encoding to copy filtered resources.
2025-08-13 21:17:05,235 [Worker-28: Launching SamplMvn_testng.xml] INFO  o.e.m.c.i.embedder.EclipseLogger - skip non existing resourceDirectory S:\JANBASK\Selenium Batch - 01st Aug 2025\SamplMvn\src\main\resources
2025-08-13 21:17:05,238 [Worker-28: Launching SamplMvn_testng.xml] INFO  o.e.m.c.i.embedder.EclipseLogger - Using 'UTF-8' encoding to copy filtered resources.
2025-08-13 21:17:05,239 [Worker-28: Launching SamplMvn_testng.xml] INFO  o.e.m.c.i.embedder.EclipseLogger - skip non existing resourceDirectory S:\JANBASK\Selenium Batch - 01st Aug 2025\SamplMvn\src\test\resources
2025-08-13 21:18:42,124 [Worker-28: Launching SamplMvn_testng.xml] INFO  o.e.m.c.i.embedder.EclipseLogger - Using 'UTF-8' encoding to copy filtered resources.
2025-08-13 21:18:42,125 [Worker-28: Launching SamplMvn_testng.xml] INFO  o.e.m.c.i.embedder.EclipseLogger - skip non existing resourceDirectory S:\JANBASK\Selenium Batch - 01st Aug 2025\SamplMvn\src\main\resources
2025-08-13 21:18:42,128 [Worker-28: Launching SamplMvn_testng.xml] INFO  o.e.m.c.i.embedder.EclipseLogger - Using 'UTF-8' encoding to copy filtered resources.
2025-08-13 21:18:42,129 [Worker-28: Launching SamplMvn_testng.xml] INFO  o.e.m.c.i.embedder.EclipseLogger - skip non existing resourceDirectory S:\JANBASK\Selenium Batch - 01st Aug 2025\SamplMvn\src\test\resources
2025-08-13 21:19:40,097 [Worker-28: Launching Executing test in S__JANBASK_Selenium Batch - 01st Aug 2025_SamplMvn] INFO  o.e.m.i.launch.MavenLaunchDelegate - S:\JANBASK\Selenium Batch - 01st Aug 2025\SamplMvn
2025-08-13 21:19:40,097 [Worker-28: Launching Executing test in S__JANBASK_Selenium Batch - 01st Aug 2025_SamplMvn] INFO  o.e.m.i.launch.MavenLaunchDelegate -  mvn -B test
2025-08-14 06:08:15,553 [Worker-0: Loading available Gradle versions] INFO  o.e.b.c.i.u.g.PublishedGradleVersions - Gradle version information cache is up-to-date. Trying to read.
2025-08-14 06:42:41,075 [Worker-6: Creating maven-archetype-quickstart] INFO  o.e.m.c.i.p.ProjectConfigurationManager - Collecting project info '/pom.xml' S:\JANBASK\Selenium Batch - 01st Aug 2025\Class_7_SampleMvn\pom.xml
2025-08-14 06:42:41,924 [Worker-6: Creating maven-archetype-quickstart] INFO  o.e.m.c.i.l.LifecycleMappingFactory - Using org.eclipse.m2e.jdt.JarLifecycleMapping lifecycle mapping for MavenProject: Class_7_SampleMvn:Class_7_SampleMvn:0.0.1-SNAPSHOT @ S:\JANBASK\Selenium Batch - 01st Aug 2025\Class_7_SampleMvn\pom.xml.
2025-08-14 06:42:42,519 [Worker-6: Creating maven-archetype-quickstart] INFO  o.e.m.j.i.AbstractJavaProjectConfigurator - Adding source folder /Class_7_SampleMvn/src/main/java
2025-08-14 06:42:42,528 [Worker-6: Creating maven-archetype-quickstart] INFO  o.e.m.j.i.AbstractJavaProjectConfigurator - Adding source folder /Class_7_SampleMvn/src/test/java
2025-08-14 06:42:42,782 [Worker-6: Creating maven-archetype-quickstart] INFO  o.e.m.c.i.p.ProjectConfigurationManager - Imported and configured 1 project(s) in 1 sec
2025-08-14 06:42:43,796 [Worker-6: Building] INFO  o.a.m.s.f.DefaultMavenResourcesFiltering - skip non existing resourceDirectory S:\JANBASK\Selenium Batch - 01st Aug 2025\Class_7_SampleMvn\src\main\resources
2025-08-14 06:42:43,801 [Worker-6: Building] INFO  o.a.m.s.f.DefaultMavenResourcesFiltering - skip non existing resourceDirectory S:\JANBASK\Selenium Batch - 01st Aug 2025\Class_7_SampleMvn\src\test\resources
2025-08-14 06:43:18,862 [Worker-27: Building] INFO  o.a.m.s.f.DefaultMavenResourcesFiltering - skip non existing resourceDirectory S:\JANBASK\Selenium Batch - 01st Aug 2025\Class_7_SampleMvn\src\main\resources
2025-08-14 06:43:18,866 [Worker-27: Building] INFO  o.a.m.s.f.DefaultMavenResourcesFiltering - skip non existing resourceDirectory S:\JANBASK\Selenium Batch - 01st Aug 2025\Class_7_SampleMvn\src\test\resources
2025-08-14 06:43:23,478 [Worker-25: Building] INFO  o.a.m.s.f.DefaultMavenResourcesFiltering - skip non existing resourceDirectory S:\JANBASK\Selenium Batch - 01st Aug 2025\Class_7_SampleMvn\src\main\resources
2025-08-14 06:43:23,481 [Worker-25: Building] INFO  o.a.m.s.f.DefaultMavenResourcesFiltering - skip non existing resourceDirectory S:\JANBASK\Selenium Batch - 01st Aug 2025\Class_7_SampleMvn\src\test\resources
2025-08-14 06:49:40,444 [Worker-14: Building] INFO  o.e.m.c.i.l.LifecycleMappingFactory - Using org.eclipse.m2e.jdt.JarLifecycleMapping lifecycle mapping for MavenProject: Class_7_SampleMvn:Class_7_SampleMvn:0.0.1-SNAPSHOT @ S:\JANBASK\Selenium Batch - 01st Aug 2025\Class_7_SampleMvn\pom.xml.
2025-08-14 06:49:41,286 [Worker-14: Building] INFO  o.a.m.s.f.DefaultMavenResourcesFiltering - skip non existing resourceDirectory S:\JANBASK\Selenium Batch - 01st Aug 2025\Class_7_SampleMvn\src\main\resources
2025-08-14 06:49:41,290 [Worker-14: Building] INFO  o.a.m.s.f.DefaultMavenResourcesFiltering - skip non existing resourceDirectory S:\JANBASK\Selenium Batch - 01st Aug 2025\Class_7_SampleMvn\src\test\resources
2025-08-14 06:50:30,932 [Worker-27: Building] INFO  o.e.m.c.i.l.LifecycleMappingFactory - Using org.eclipse.m2e.jdt.JarLifecycleMapping lifecycle mapping for MavenProject: Class_7_SampleMvn:Class_7_SampleMvn:0.0.1-SNAPSHOT @ S:\JANBASK\Selenium Batch - 01st Aug 2025\Class_7_SampleMvn\pom.xml.
2025-08-14 06:50:31,813 [Worker-27: Building] INFO  o.a.m.s.f.DefaultMavenResourcesFiltering - skip non existing resourceDirectory S:\JANBASK\Selenium Batch - 01st Aug 2025\Class_7_SampleMvn\src\main\resources
2025-08-14 06:50:31,817 [Worker-27: Building] INFO  o.a.m.s.f.DefaultMavenResourcesFiltering - skip non existing resourceDirectory S:\JANBASK\Selenium Batch - 01st Aug 2025\Class_7_SampleMvn\src\test\resources
2025-08-14 06:51:14,202 [Worker-14: Building] INFO  o.e.m.c.i.l.LifecycleMappingFactory - Using org.eclipse.m2e.jdt.JarLifecycleMapping lifecycle mapping for MavenProject: Class_7_SampleMvn:Class_7_SampleMvn:0.0.1-SNAPSHOT @ S:\JANBASK\Selenium Batch - 01st Aug 2025\Class_7_SampleMvn\pom.xml.
2025-08-14 06:51:14,884 [Worker-14: Building] INFO  o.a.m.s.f.DefaultMavenResourcesFiltering - skip non existing resourceDirectory S:\JANBASK\Selenium Batch - 01st Aug 2025\Class_7_SampleMvn\src\main\resources
2025-08-14 06:51:14,887 [Worker-14: Building] INFO  o.a.m.s.f.DefaultMavenResourcesFiltering - skip non existing resourceDirectory S:\JANBASK\Selenium Batch - 01st Aug 2025\Class_7_SampleMvn\src\test\resources
2025-08-14 06:51:48,183 [Worker-28: Building] INFO  o.a.m.s.f.DefaultMavenResourcesFiltering - skip non existing resourceDirectory S:\JANBASK\Selenium Batch - 01st Aug 2025\Class_7_SampleMvn\src\main\resources
2025-08-14 06:51:48,186 [Worker-28: Building] INFO  o.a.m.s.f.DefaultMavenResourcesFiltering - skip non existing resourceDirectory S:\JANBASK\Selenium Batch - 01st Aug 2025\Class_7_SampleMvn\src\test\resources
2025-08-14 06:52:44,214 [Worker-27: Launching LoginTest (1)] INFO  o.a.m.s.f.DefaultMavenResourcesFiltering - skip non existing resourceDirectory S:\JANBASK\Selenium Batch - 01st Aug 2025\Class_7_SampleMvn\src\main\resources
2025-08-14 06:52:44,218 [Worker-27: Launching LoginTest (1)] INFO  o.a.m.s.f.DefaultMavenResourcesFiltering - skip non existing resourceDirectory S:\JANBASK\Selenium Batch - 01st Aug 2025\Class_7_SampleMvn\src\test\resources
2025-08-14 06:53:14,584 [Worker-28: Building] INFO  o.a.m.s.f.DefaultMavenResourcesFiltering - skip non existing resourceDirectory S:\JANBASK\Selenium Batch - 01st Aug 2025\Class_7_SampleMvn\src\main\resources
2025-08-14 06:53:14,586 [Worker-28: Building] INFO  o.a.m.s.f.DefaultMavenResourcesFiltering - skip non existing resourceDirectory S:\JANBASK\Selenium Batch - 01st Aug 2025\Class_7_SampleMvn\src\test\resources
2025-08-14 06:53:30,110 [Worker-30: Building] INFO  o.a.m.s.f.DefaultMavenResourcesFiltering - skip non existing resourceDirectory S:\JANBASK\Selenium Batch - 01st Aug 2025\Class_7_SampleMvn\src\main\resources
2025-08-14 06:53:30,116 [Worker-30: Building] INFO  o.a.m.s.f.DefaultMavenResourcesFiltering - skip non existing resourceDirectory S:\JANBASK\Selenium Batch - 01st Aug 2025\Class_7_SampleMvn\src\test\resources
2025-08-14 06:53:36,188 [Worker-27: Building] INFO  o.a.m.s.f.DefaultMavenResourcesFiltering - skip non existing resourceDirectory S:\JANBASK\Selenium Batch - 01st Aug 2025\Class_7_SampleMvn\src\main\resources
2025-08-14 06:53:36,191 [Worker-27: Building] INFO  o.a.m.s.f.DefaultMavenResourcesFiltering - skip non existing resourceDirectory S:\JANBASK\Selenium Batch - 01st Aug 2025\Class_7_SampleMvn\src\test\resources
2025-08-14 06:53:56,647 [Worker-28: Launching Runner (1)] INFO  o.a.m.s.f.DefaultMavenResourcesFiltering - skip non existing resourceDirectory S:\JANBASK\Selenium Batch - 01st Aug 2025\Class_7_SampleMvn\src\main\resources
2025-08-14 06:53:56,651 [Worker-28: Launching Runner (1)] INFO  o.a.m.s.f.DefaultMavenResourcesFiltering - skip non existing resourceDirectory S:\JANBASK\Selenium Batch - 01st Aug 2025\Class_7_SampleMvn\src\test\resources
2025-08-14 06:55:25,984 [Worker-29: Building] INFO  o.a.m.s.f.DefaultMavenResourcesFiltering - skip non existing resourceDirectory S:\JANBASK\Selenium Batch - 01st Aug 2025\Class_7_SampleMvn\src\main\resources
2025-08-14 06:55:25,988 [Worker-29: Building] INFO  o.a.m.s.f.DefaultMavenResourcesFiltering - skip non existing resourceDirectory S:\JANBASK\Selenium Batch - 01st Aug 2025\Class_7_SampleMvn\src\test\resources
2025-08-14 07:19:33,468 [Worker-3: Loading available Gradle versions] INFO  o.e.b.c.i.u.g.PublishedGradleVersions - Gradle version information cache is up-to-date. Trying to read.
2025-08-14 07:20:01,415 [Worker-17: Launching Executing test in S__JANBASK_Selenium Batch - 01st Aug 2025_Class_7_SampleMvn] INFO  o.e.m.i.launch.MavenLaunchDelegate - S:\JANBASK\Selenium Batch - 01st Aug 2025\Class_7_SampleMvn
2025-08-14 07:20:01,420 [Worker-17: Launching Executing test in S__JANBASK_Selenium Batch - 01st Aug 2025_Class_7_SampleMvn] INFO  o.e.m.i.launch.MavenLaunchDelegate -  mvn -B test
2025-08-14 21:08:37,451 [Worker-3: Loading available Gradle versions] INFO  o.e.b.c.i.u.g.PublishedGradleVersions - Gradle version information cache is up-to-date. Trying to read.
